2023-11-21 00:43:01,632 INFO o.s.c.KotlinDetector [main] Kotlin reflection implementation not found at runtime, related features won't be available.
2023-11-21 00:43:02,410 INFO o.s.b.StartupInfoLogger [main] Starting AdapterSyncApplication v4.1.1-ST on 29b4f9d9088a with PID 1 (/project/eponadapter.jar started by root in /project)
2023-11-21 00:43:02,412 DEBUG o.s.b.StartupInfoLogger [main] Running with Spring Boot v2.1.3.RELEASE, Spring v5.1.5.RELEASE
2023-11-21 00:43:02,413 INFO o.s.b.SpringApplication [main] The following profiles are active: prod
2023-11-21 00:43:02,777 WARN o.s.c.l.CompositeLog [background-preinit] For Jackson Kotlin classes support please add "com.fasterxml.jackson.module:jackson-module-kotlin" to the classpath
2023-11-21 00:43:05,242 INFO o.s.b.w.e.t.TomcatWebServer [main] Tomcat initialized with port(s): 9999 (http)
2023-11-21 00:43:05,286 INFO o.a.j.l.DirectJDKLog [main] Initializing ProtocolHandler ["http-nio-9999"]
2023-11-21 00:43:05,306 INFO o.a.j.l.DirectJDKLog [main] Starting service [Tomcat]
2023-11-21 00:43:05,308 INFO o.a.j.l.DirectJDKLog [main] Starting Servlet engine: [Apache Tomcat/9.0.16]
2023-11-21 00:43:05,324 INFO o.a.j.l.DirectJDKLog [main] The APR based Apache Tomcat Native library which allows optimal performance in production environments was not found on the java.library.path: [/usr/java/packages/lib:/usr/lib64:/lib64:/lib:/usr/lib]
2023-11-21 00:43:05,464 INFO o.a.j.l.DirectJDKLog [main] Initializing Spring embedded WebApplicationContext
2023-11-21 00:43:05,466 INFO o.s.b.w.s.c.ServletWebServerApplicationContext [main] Root WebApplicationContext: initialization completed in 2965 ms
2023-11-21 00:43:10,490 INFO b.c.i.a.n.NatsClient [main] 

::::::::::::::::::::::::::: PEGANDO LISTA DE OLTS :::::::::::::::::::::::::::

2023-11-21 00:43:11,177 INFO b.c.i.a.n.NatsClient [main] Received reply on subject _INBOX.47fzkVXrZfxee20keABPva.47fzkVXrZfxee20keABQ2O: {"ordensEquipamento":[{"ordens":[],"tipoConexao":"TELNET","ip":"192.168.10.1","porta":23,"idOlt":"655bc6ef8d23bd4fd3bccd78","idDaAplicacao":"f2c8a943-e4f1-45c2-8dc5-e45bbf62af86","novaLinha":"\n","filaDeExecucao":"PRINCIPAL"}]}
2023-11-21 00:43:11,255 INFO b.c.i.a.n.NatsClient [main] 

::::::::::::::::::::::::::: PROCESSANDO LEITURA INICIAL :::::::::::::::::::::::::::

2023-11-21 00:43:11,847 INFO b.c.i.a.n.NatsClient [main] Received reply on subject _INBOX.69ZLnpIzS8SAHGXt1bQ6XK.69ZLnpIzS8SAHGXt1bQ6e2: {"ordensEquipamento":[]}
2023-11-21 00:43:12,060 INFO o.a.f.i.DefaultFtpServer [main] FTP server started
2023-11-21 00:43:12,061 INFO b.c.i.a.f.ServidorFtp [main] ******************************** ServidorFtp ********************************
2023-11-21 00:43:12,417 INFO o.s.s.c.ExecutorConfigurationSupport [main] Initializing ExecutorService 'applicationTaskExecutor'
2023-11-21 00:43:12,935 INFO o.s.s.c.ExecutorConfigurationSupport [main] Initializing ExecutorService 'taskScheduler'
2023-11-21 00:43:13,006 INFO o.s.b.a.e.w.EndpointLinksResolver [main] Exposing 15 endpoint(s) beneath base path '/actuator'
2023-11-21 00:43:13,090 INFO o.a.j.l.DirectJDKLog [main] Starting ProtocolHandler ["http-nio-9999"]
2023-11-21 00:43:13,108 INFO o.s.b.w.e.t.TomcatWebServer [main] Tomcat started on port(s): 9999 (http) with context path ''
2023-11-21 00:43:13,114 INFO o.s.b.StartupInfoLogger [main] Started AdapterSyncApplication in 11.424 seconds (JVM running for 13.565)
2023-11-21 00:43:13,139 DEBUG b.c.i.a.n.NatsListener [main] #####LISTENER NEW CONNECTION(0)######
2023-11-21 00:43:13,769 INFO b.c.i.a.n.NatsClient [scheduling-1] Received reply on subject _INBOX.1CIU5DgfvKb11ieJjMhanP.1CIU5DgfvKb11ieJjMhawJ: {"ordensEquipamento":[]}
2023-11-21 00:43:13,772 INFO b.c.i.a.n.NatsClient [scheduling-1] 

::::::::::::::::::::::::::: INÍCIO PROCESSADOR PRINCIPAL :::::::::::::::::::::::::::

2023-11-21 00:43:13,773 INFO b.c.i.a.n.NatsClient [scheduling-1] 

::::::::::::::::::::::::::: FIM PROCESSADOR PRINCIPAL :::::::::::::::::::::::::::

2023-11-21 00:43:29,359 INFO o.s.s.c.ExecutorConfigurationSupport [Thread-6] Shutting down ExecutorService 'taskScheduler'
2023-11-21 00:43:29,363 INFO o.s.s.c.ExecutorConfigurationSupport [Thread-6] Shutting down ExecutorService 'applicationTaskExecutor'
